<?xml version="1.0" encoding="UTF-8"?>
<!-- Generated by org.testng.reporters.JUnitXMLReporter -->
<testsuite ignored="0" hostname="POOLW42SLPC7784" failures="0" tests="7" name="Mainhub_Testcase" time="272.183" errors="0" timestamp="2022-12-09T11:58:53 IST">
  <testcase classname="Testcase.Mainhub_Testcase" name="Valid_data" time="20.333"/>
  <testcase classname="Testcase.Mainhub_Testcase" name="Invalid_data" time="9.755"/>
  <testcase classname="Testcase.Mainhub_Testcase" name="Blank" time="9.885"/>
  <testcase classname="Testcase.Mainhub_Testcase" name="more_data" time="9.641"/>
  <testcase classname="Testcase.Mainhub_Testcase" name="less_data" time="9.379"/>
  <testcase classname="Testcase.Mainhub_Testcase" name="double_data" time="12.501"/>
  <testcase classname="Testcase.Mainhub_Testcase" name="special_data" time="18.27"/>
</testsuite> <!-- Mainhub_Testcase -->
